#
# There is insufficient memory for the Java Runtime Environment to continue.
# Native memory allocation (mmap) failed to map 264241152 bytes for G1 virtual space
# Possible reasons:
#   The system is out of physical RAM or swap space
#   The process is running with CompressedOops enabled, and the Java Heap may be blocking the growth of the native heap
# Possible solutions:
#   Reduce memory load on the system
#   Increase physical memory or swap space
#   Check if swap backing store is full
#   Decrease Java heap size (-Xmx/-Xms)
#   Decrease number of Java threads
#   Decrease Java thread stack sizes (-Xss)
#   Set larger code cache with -XX:ReservedCodeCacheSize=
#   JVM is running with Zero Based Compressed Oops mode in which the Java heap is
#     placed in the first 32GB address space. The Java Heap base address is the
#     maximum limit for the native heap growth. Please use -XX:HeapBaseMinAddress
#     to set the Java Heap base and to place the Java Heap above 32GB virtual address.
# This output file may be truncated or incomplete.
#
#  Out of Memory Error (os_windows.cpp:3825), pid=13048, tid=4996
#
# JRE version:  (17.0.10+1) (build )
# Java VM: OpenJDK 64-Bit Server VM (17.0.10+1-b1087.23, mixed mode, sharing, tiered, compressed oops, compressed class ptrs, g1 gc, windows-amd64)
# No core dump will be written. Minidumps are not enabled by default on client versions of Windows
#

---------------  S U M M A R Y ------------

Command Line: externalApp.nativessh.NativeSshAskPassApp Enter passphrase for key '/c/Users/WrSr12/.ssh/id_ed25519': 

Host: 13th Gen Intel(R) Core(TM) i5-13500H, 16 cores, 15G,  Windows 11 , 64 bit Build 26100 (10.0.26100.2454)
Time: Tue Jan 14 23:04:03 2025 RTZ 2 (s 11 , 64 bit Build 26100 (10.0.26100.2454) elapsed time: 1.790615 seconds (0d 0h 0m 1s)

---------------  T H R E A D  ---------------

Current thread (0x0000014bf2694980):  JavaThread "Unknown thread" [_thread_in_vm, id=4996, stack(0x0000001280100000,0x0000001280200000)]

Stack: [0x0000001280100000,0x0000001280200000]
Native frames: (J=compiled Java code, j=interpreted, Vv=VM code, C=native code)
V  [jvm.dll+0x688a29]
V  [jvm.dll+0x84216a]
V  [jvm.dll+0x843dae]
V  [jvm.dll+0x844413]
V  [jvm.dll+0x24ba8f]
V  [jvm.dll+0x6857f9]
V  [jvm.dll+0x67a0aa]
V  [jvm.dll+0x30c7eb]
V  [jvm.dll+0x313c96]
V  [jvm.dll+0x363a2e]
V  [jvm.dll+0x363c5f]
V  [jvm.dll+0x2e25b8]
V  [jvm.dll+0x2e3524]
V  [jvm.dll+0x812cd1]
V  [jvm.dll+0x3718e1]
V  [jvm.dll+0x7f1836]
V  [jvm.dll+0x3f553f]
V  [jvm.dll+0x3f7171]
C  [jli.dll+0x528f]
C  [ucrtbase.dll+0x14ea0]
C  [KERNEL32.DLL+0x2e8d7]
C  [ntdll.dll+0xdfbcc]


---------------  P R O C E S S  ---------------

Threads class SMR info:
_java_thread_list=0x00007ffc8668ef58, length=0, elements={
}

Java Threads: ( => current thread )

Other Threads:
  0x0000014bf2700c70 GCTaskThread "GC Thread#0" [stack: 0x0000001280400000,0x0000001280500000] [id=18756]
  0x0000014bf2711600 ConcurrentGCThread "G1 Main Marker" [stack: 0x0000001280500000,0x0000001280600000] [id=23868]
  0x0000014bf2712020 ConcurrentGCThread "G1 Conc#0" [stack: 0x0000001280600000,0x0000001280700000] [id=4808]

[error occurred during error reporting (printing all threads), id 0xc0000005, EXCEPTION_ACCESS_VIOLATION (0xc0000005) at pc=0x00007ffc85e43187]

VM state: not at safepoint (not fully initialized)

VM Mutex/Monitor currently owned by a thread:  ([mutex/lock_event])
[0x0000014bf2690570] Heap_lock - owner thread: 0x0000014bf2694980

Heap address: 0x0000000705c00000, size: 4004 MB, Compressed Oops mode: Zero based, Oop shift amount: 3

CDS archive(s) mapped at: [0x0000000000000000-0x0000000000000000-0x0000000000000000), size 0, SharedBaseAddress: 0x0000000800000000, ArchiveRelocationMode: 1.
Narrow klass base: 0x0000000000000000, Narrow klass shift: 0, Narrow klass range: 0x0

GC Precious Log:
<Empty>

Heap:
 garbage-first heap   total 0K, used 0K [0x0000000705c00000, 0x0000000800000000)
  region size 2048K, 0 young (0K), 0 survivors (0K)
 Metaspace       used 0K, committed 0K, reserved 0K
  class space    used 0K, committed 0K, reserved 0K

Heap Regions: E=young(eden), S=young(survivor), O=old, HS=humongous(starts), HC=humongous(continues), CS=collection set, F=free, OA=open archive, CA=closed archive, TAMS=top-at-mark-start (previous, next)

Card table byte_map: [0x0000014bf76a0000,0x0000014bf7e80000] _byte_map_base: 0x0000014bf3e72000

Marking Bits (Prev, Next): (CMBitMap*) 0x0000014bf2701290, (CMBitMap*) 0x0000014bf27012d0
 Prev Bits: [0x0000014bf8660000, 0x0000014bfc4f0000)
 Next Bits: [0x0000014b8f000000, 0x0000014b92e90000)

GC Heap History (0 events):
No events

Dll operation events (1 events):
Event: 0.010 Loaded shared library C:\Program Files\JetBrains\PhpStorm 2023.3.6\jbr\bin\java.dll

Deoptimization events (0 events):
No events

Classes unloaded (0 events):
No events

Classes redefined (0 events):
No events

Internal exceptions (0 events):
No events

VM Operations (0 events):
No events

Events (0 events):
No events


Dynamic libraries:
0x00007ff733280000 - 0x00007ff73328a000 	C:\Program Files\JetBrains\PhpStorm 2023.3.6\jbr\bin\java.exe
0x00007ffcdb880000 - 0x00007ffcdbae3000 	C:\WINDOWS\SYSTEM32\ntdll.dll
0x00007ffcdb0d0000 - 0x00007ffcdb198000 	C:\WINDOWS\System32\KERNEL32.DLL
0x00007ffcd8e90000 - 0x00007ffcd9242000 	C:\WINDOWS\System32\KERNELBASE.dll
0x00007ffcd3a20000 - 0x00007ffcd3abc000 	C:\WINDOWS\SYSTEM32\apphelp.dll
0x00007ffcd9500000 - 0x00007ffcd964b000 	C:\WINDOWS\System32\ucrtbase.dll
0x00007ffcd1560000 - 0x00007ffcd1577000 	C:\Program Files\JetBrains\PhpStorm 2023.3.6\jbr\bin\jli.dll
0x00007ffcdae40000 - 0x00007ffcdb008000 	C:\WINDOWS\System32\USER32.dll
0x00007ffcd9420000 - 0x00007ffcd9447000 	C:\WINDOWS\System32\win32u.dll
0x00007ffcdae10000 - 0x00007ffcdae3a000 	C:\WINDOWS\System32\GDI32.dll
0x00007ffcd92f0000 - 0x00007ffcd941b000 	C:\WINDOWS\System32\gdi32full.dll
0x00007ffcd9450000 - 0x00007ffcd94f3000 	C:\WINDOWS\System32\msvcp_win.dll
0x00007ffcd0fc0000 - 0x00007ffcd0fdb000 	C:\Program Files\JetBrains\PhpStorm 2023.3.6\jbr\bin\VCRUNTIME140.dll
0x00007ffcb9340000 - 0x00007ffcb95d0000 	C:\WINDOWS\WinSxS\amd64_microsoft.windows.common-controls_6595b64144ccf1df_6.0.26100.2454_none_3e0b68a2e331ad60\COMCTL32.dll
0x00007ffcdb290000 - 0x00007ffcdb339000 	C:\WINDOWS\System32\msvcrt.dll
0x00007ffcdadd0000 - 0x00007ffcdadff000 	C:\WINDOWS\System32\IMM32.DLL
0x00007ffcc5770000 - 0x00007ffcc577c000 	C:\Program Files\JetBrains\PhpStorm 2023.3.6\jbr\bin\vcruntime140_1.dll
0x00007ffca3190000 - 0x00007ffca321d000 	C:\Program Files\JetBrains\PhpStorm 2023.3.6\jbr\bin\msvcp140.dll
0x00007ffc85b50000 - 0x00007ffc867d3000 	C:\Program Files\JetBrains\PhpStorm 2023.3.6\jbr\bin\server\jvm.dll
0x00007ffcdad00000 - 0x00007ffcdadb4000 	C:\WINDOWS\System32\ADVAPI32.dll
0x00007ffcdb020000 - 0x00007ffcdb0c6000 	C:\WINDOWS\System32\sechost.dll
0x00007ffcdb5e0000 - 0x00007ffcdb6f6000 	C:\WINDOWS\System32\RPCRT4.dll
0x00007ffcd8ae0000 - 0x00007ffcd8b2e000 	C:\WINDOWS\SYSTEM32\POWRPROF.dll
0x00007ffcd2220000 - 0x00007ffcd222a000 	C:\WINDOWS\SYSTEM32\WSOCK32.dll
0x00007ffcdb560000 - 0x00007ffcdb5d4000 	C:\WINDOWS\System32\WS2_32.dll
0x00007ffccdc90000 - 0x00007ffccdcc6000 	C:\WINDOWS\SYSTEM32\WINMM.dll
0x00007ffcc4d70000 - 0x00007ffcc4d7b000 	C:\WINDOWS\SYSTEM32\VERSION.dll
0x00007ffcd8ac0000 - 0x00007ffcd8ad4000 	C:\WINDOWS\SYSTEM32\UMPDC.dll
0x00007ffcd7a90000 - 0x00007ffcd7aaa000 	C:\WINDOWS\SYSTEM32\kernel.appcore.dll
0x00007ffcd3510000 - 0x00007ffcd351a000 	C:\Program Files\JetBrains\PhpStorm 2023.3.6\jbr\bin\jimage.dll
0x00007ffcd63a0000 - 0x00007ffcd65e1000 	C:\WINDOWS\SYSTEM32\DBGHELP.DLL
0x00007ffcd98a0000 - 0x00007ffcd9c1e000 	C:\WINDOWS\System32\combase.dll
0x00007ffcd96e0000 - 0x00007ffcd97b6000 	C:\WINDOWS\System32\OLEAUT32.dll
0x00007ffcbfb30000 - 0x00007ffcbfb69000 	C:\WINDOWS\SYSTEM32\dbgcore.DLL
0x00007ffcd9250000 - 0x00007ffcd92e9000 	C:\WINDOWS\System32\bcryptPrimitives.dll
0x00007ffcd1090000 - 0x00007ffcd10b5000 	C:\Program Files\JetBrains\PhpStorm 2023.3.6\jbr\bin\java.dll

dbghelp: loaded successfully - version: 4.0.5 - missing functions: none
symbol engine: initialized successfully - sym options: 0x614 - pdb path: .;C:\Program Files\JetBrains\PhpStorm 2023.3.6\jbr\bin;C:\WINDOWS\SYSTEM32;C:\WINDOWS\WinSxS\amd64_microsoft.windows.common-controls_6595b64144ccf1df_6.0.26100.2454_none_3e0b68a2e331ad60;C:\Program Files\JetBrains\PhpStorm 2023.3.6\jbr\bin\server

VM Arguments:
java_command: externalApp.nativessh.NativeSshAskPassApp Enter passphrase for key '/c/Users/WrSr12/.ssh/id_ed25519': 
java_class_path (initial): C:/Program Files/JetBrains/PhpStorm 2023.3.6/lib/externalProcess-rt.jar
Launcher Type: SUN_STANDARD

[Global flags]
     intx CICompilerCount                          = 12                                        {product} {ergonomic}
     uint ConcGCThreads                            = 3                                         {product} {ergonomic}
     uint G1ConcRefinementThreads                  = 13                                        {product} {ergonomic}
   size_t G1HeapRegionSize                         = 2097152                                   {product} {ergonomic}
    uintx GCDrainStackTargetSize                   = 64                                        {product} {ergonomic}
   size_t InitialHeapSize                          = 264241152                                 {product} {ergonomic}
   size_t MarkStackSize                            = 4194304                                   {product} {ergonomic}
   size_t MaxHeapSize                              = 4198498304                                {product} {ergonomic}
   size_t MinHeapDeltaBytes                        = 2097152                                   {product} {ergonomic}
   size_t MinHeapSize                              = 8388608                                   {product} {ergonomic}
    uintx NonNMethodCodeHeapSize                   = 7602480                                {pd product} {ergonomic}
    uintx NonProfiledCodeHeapSize                  = 122027880                              {pd product} {ergonomic}
    uintx ProfiledCodeHeapSize                     = 122027880                              {pd product} {ergonomic}
    uintx ReservedCodeCacheSize                    = 251658240                              {pd product} {ergonomic}
     bool SegmentedCodeCache                       = true                                      {product} {ergonomic}
   size_t SoftMaxHeapSize                          = 4198498304                             {manageable} {ergonomic}
     bool UseCompressedClassPointers               = true                           {product lp64_product} {ergonomic}
     bool UseCompressedOops                        = true                           {product lp64_product} {ergonomic}
     bool UseG1GC                                  = true                                      {product} {ergonomic}
     bool UseLargePagesIndividualAllocation        = false                                  {pd product} {ergonomic}

Logging:
Log output configuration:
 #0: stdout all=warning uptime,level,tags
 #1: stderr all=off uptime,level,tags

Environment Variables:
PATH=C:\Program Files\Git\mingw64\libexec\git-core;C:\Program Files\Git\mingw64\bin;C:\Program Files\Git\usr\bin;C:\Users\WrSr12\bin;C:\WINDOWS\system32;C:\WINDOWS;C:\WINDOWS\System32\Wbem;C:\WINDOWS\System32\WindowsPowerShell\v1.0;C:\WINDOWS\System32\OpenSSH;C:\ProgramData\ComposerSetup\bin;C:\Program Files\nodejs;C:\Program Files\Docker\Docker\resources\bin;C:\Program Files\PuTTY;C:\php;C:\Program Files\PowerShell\7;C:\Program Files\Git\cmd;C:\Users\WrSr12\AppData\Local\Microsoft\WindowsApps;C:\Users\WrSr12\AppData\Roaming\Composer\vendor\bin;C:\Users\WrSr12\AppData\Roaming\npm;C:\php;C:\Users\WrSr12\AppData\Local\Microsoft\WinGet\Packages\Schniz.fnm_Microsoft.Winget.Source_8wekyb3d8bbwe
USERNAME=WrSr12
DISPLAY=:0.0
LC_ALL=en_US.UTF-8
TERM=xterm-256color
TMPDIR=C:\Users\WrSr12\AppData\Local\Temp
OS=Windows_NT
PROCESSOR_IDENTIFIER=Intel64 Family 6 Model 186 Stepping 2, GenuineIntel
TMP=C:\Users\WrSr12\AppData\Local\Temp
TEMP=C:\Users\WrSr12\AppData\Local\Temp



Periodic native trim disabled

JNI global refs:
JNI global refs: 0, weak refs: 0

JNI global refs memory usage: 0, weak refs: 0

OOME stack traces (most recent first):
Classloader memory used:


---------------  S Y S T E M  ---------------

OS:
 Windows 11 , 64 bit Build 26100 (10.0.26100.2454)
OS uptime: 21 days 3:58 hours
Hyper-V role detected

CPU: total 16 (initial active 16) (8 cores per cpu, 2 threads per core) family 6 model 186 stepping 2 microcode 0x410e, cx8, cmov, fxsr, ht, mmx, 3dnowpref, sse, sse2, sse3, ssse3, sse4.1, sse4.2, popcnt, lzcnt, tsc, tscinvbit, avx, avx2, aes, erms, clmul, bmi1, bmi2, adx, sha, fma, vzeroupper, clflush, clflushopt, clwb, hv
Processor Information for processor 0
  Max Mhz: 2600, Current Mhz: 1496, Mhz Limit: 2600
Processor Information for processor 1
  Max Mhz: 2600, Current Mhz: 2600, Mhz Limit: 2600
Processor Information for processor 2
  Max Mhz: 2600, Current Mhz: 2600, Mhz Limit: 2600
Processor Information for processor 3
  Max Mhz: 2600, Current Mhz: 2600, Mhz Limit: 2600
Processor Information for processor 4
  Max Mhz: 2600, Current Mhz: 2600, Mhz Limit: 2600
Processor Information for processor 5
  Max Mhz: 2600, Current Mhz: 2600, Mhz Limit: 2600
Processor Information for processor 6
  Max Mhz: 2600, Current Mhz: 2600, Mhz Limit: 2600
Processor Information for processor 7
  Max Mhz: 2600, Current Mhz: 2600, Mhz Limit: 2600
Processor Information for processor 8
  Max Mhz: 2600, Current Mhz: 1500, Mhz Limit: 1898
Processor Information for processor 9
  Max Mhz: 2600, Current Mhz: 1500, Mhz Limit: 1898
Processor Information for processor 10
  Max Mhz: 2600, Current Mhz: 1500, Mhz Limit: 1898
Processor Information for processor 11
  Max Mhz: 2600, Current Mhz: 1500, Mhz Limit: 1898
Processor Information for processor 12
  Max Mhz: 2600, Current Mhz: 1500, Mhz Limit: 1898
Processor Information for processor 13
  Max Mhz: 2600, Current Mhz: 1500, Mhz Limit: 1898
Processor Information for processor 14
  Max Mhz: 2600, Current Mhz: 1500, Mhz Limit: 1898
Processor Information for processor 15
  Max Mhz: 2600, Current Mhz: 1900, Mhz Limit: 1898

Memory: 4k page, system-wide physical 16008M (1955M free)
TotalPageFile size 65160M (AvailPageFile size 83M)
current process WorkingSet (physical memory assigned to process): 13M, peak: 13M
current process commit charge ("private bytes"): 71M, peak: 323M

vm_info: OpenJDK 64-Bit Server VM (17.0.10+1-b1087.23) for windows-amd64 JRE (17.0.10+1-b1087.23), built on 2024-03-18 by "builduser" with MS VC++ 16.10 / 16.11 (VS2019)

END.
